<?xml version="1.0" encoding="UTF-8"?>
<!-- Generated by org.testng.reporters.JUnitXMLReporter -->
<testsuite hostname="DESKTOP-3EINJNF" ignored="0" name="firefoxtest" tests="1" failures="1" timestamp="2020-07-07T16:30:45 BST" time="17.25" errors="0">
  <testcase name="Login" time="8.645" classname="zaleniumGrid.LoginTest_Zalenium">
    <failure type="java.lang.AssertionError" message="expected [nopCommerce demo store] but found [nopCommerce demo store. Login]">
      <![CDATA[java.lang.AssertionError: expected [nopCommerce demo store] but found [nopCommerce demo store. Login]
at zaleniumGrid.LoginTest_Zalenium.Login(LoginTest_Zalenium.java:57)
at java.util.ArrayList.forEach(ArrayList.java:1257)
... Removed 32 stack frames]]>
    </failure>
  </testcase> <!-- Login -->
</testsuite> <!-- firefoxtest -->
